<?xml version="1.0" encoding="UTF-8"?>
<!-- Generated by org.testng.reporters.JUnitReportReporter -->
<testsuite hostname="Tharak" failures="0" tests="4" name="Petmodule.Petmodule.AppTest" time="15.213" errors="0" timestamp="2021-06-13T13:38:06 CEST" skipped="0">
  <testcase classname="Petmodule.Petmodule.AppTest" name="runScenario" time="11.026"/>
  <system-out/>
  <testcase classname="Petmodule.Petmodule.AppTest" name="runScenario" time="1.413"/>
  <system-out/>
  <testcase classname="Petmodule.Petmodule.AppTest" name="runScenario" time="2.023"/>
  <system-out/>
  <testcase classname="Petmodule.Petmodule.AppTest" name="runScenario" time="0.751"/>
  <system-out/>
</testsuite> <!-- Petmodule.Petmodule.AppTest -->
